<?xml version="1.0" encoding="UTF-8"?>
<!-- Generated by org.testng.reporters.JUnitReportReporter -->
<testsuite skipped="0" hostname="Krishna" name="QA_Technical_Test.API_Get_Product" tests="3" failures="0" timestamp="12 Jun 2019 19:47:54 GMT" time="0.032" errors="0">
  <testcase name="Verify_Response_Code" time="0.012" classname="QA_Technical_Test.API_Get_Product"/>
  <testcase name="Verify_Response_Body" time="0.019" classname="QA_Technical_Test.API_Get_Product"/>
  <testcase name="Verify_Response_Time" time="0.001" classname="QA_Technical_Test.API_Get_Product"/>
</testsuite> <!-- QA_Technical_Test.API_Get_Product -->
