<?xml version="1.0" encoding="UTF-8"?>
<!-- Generated by org.testng.reporters.JUnitReportReporter -->
<testsuite skipped="0" hostname="Krishna" name="QA_Technical_Test.API_Test" tests="1" failures="0" timestamp="12 Jun 2019 18:49:01 GMT" time="1.742" errors="0">
  <testcase name="Put_Product" time="1.742" classname="QA_Technical_Test.API_Test"/>
</testsuite> <!-- QA_Technical_Test.API_Test -->
