<?xml version="1.0" encoding="UTF-8"?>
<!-- Generated by org.testng.reporters.JUnitReportReporter -->
<testsuite skipped="0" hostname="Krishna" name="QA_Technical_Test.API_Get_ProductBy_Id" tests="3" failures="0" timestamp="13 Jun 2019 18:42:04 GMT" time="5.740" errors="0">
  <testcase name="Verify_Response_Code" time="5.688" classname="QA_Technical_Test.API_Get_ProductBy_Id"/>
  <testcase name="Verify_Response_Body" time="0.031" classname="QA_Technical_Test.API_Get_ProductBy_Id"/>
  <testcase name="Verify_Response_Time" time="0.021" classname="QA_Technical_Test.API_Get_ProductBy_Id"/>
</testsuite> <!-- QA_Technical_Test.API_Get_ProductBy_Id -->
